[2025-11-23T23:21:04.495Z] [INFO] Package preparation initiated | {"snapshotId":"dev-9d4ff20cc91c","includeAudio":false}
[2025-11-23T23:21:04.539Z] [INFO] Saved package record | {"pkgId":"d5c9cfb2f8f12a74d939adba2e5b6340","status":"prepared"}
[2025-11-23T23:21:04.539Z] [INFO] Package prepared successfully | {"pkgId":"d5c9cfb2f8f12a74d939adba2e5b6340","snapshotId":"dev-9d4ff20cc91c","size":546,"filename":"walrus_dev-9d4ff20cc91c_1763940064497.zip"}
[2025-11-23T23:21:04.546Z] [INFO] Creating publish payload | {"pkgId":"d5c9cfb2f8f12a74d939adba2e5b6340"}
[2025-11-23T23:21:04.547Z] [INFO] Computed file metadata | {"pkgId":"d5c9cfb2f8f12a74d939adba2e5b6340","size":546,"digest":"4a294247ded6c93b..."}
[2025-11-23T23:21:04.547Z] [INFO] Created publish payload | {"pkgId":"d5c9cfb2f8f12a74d939adba2e5b6340","size":546,"digest":"4a294247ded6c93b..."}
[2025-11-23T23:21:06.019Z] [INFO] Package preparation initiated | {"snapshotId":"dev-9d4ff20cc91c","includeAudio":false}
[2025-11-23T23:21:06.039Z] [INFO] Saved package record | {"pkgId":"18cfeabbb84570c168be602985061c21","status":"prepared"}
[2025-11-23T23:21:06.039Z] [INFO] Package prepared successfully | {"pkgId":"18cfeabbb84570c168be602985061c21","snapshotId":"dev-9d4ff20cc91c","size":546,"filename":"walrus_dev-9d4ff20cc91c_1763940066022.zip"}
[2025-11-23T23:21:06.045Z] [INFO] Creating publish payload | {"pkgId":"18cfeabbb84570c168be602985061c21"}
[2025-11-23T23:21:06.046Z] [INFO] Computed file metadata | {"pkgId":"18cfeabbb84570c168be602985061c21","size":546,"digest":"157cefd1f8063bcc..."}
[2025-11-23T23:21:06.047Z] [INFO] Created publish payload | {"pkgId":"18cfeabbb84570c168be602985061c21","size":546,"digest":"157cefd1f8063bcc..."}
[2025-11-23T23:21:06.808Z] [INFO] Package preparation initiated | {"snapshotId":"dev-9d4ff20cc91c","includeAudio":false}
[2025-11-23T23:21:06.818Z] [INFO] Saved package record | {"pkgId":"62b3d1cbc1a97ee0a00e1754cfbe2fd8","status":"prepared"}
[2025-11-23T23:21:06.818Z] [INFO] Package prepared successfully | {"pkgId":"62b3d1cbc1a97ee0a00e1754cfbe2fd8","snapshotId":"dev-9d4ff20cc91c","size":546,"filename":"walrus_dev-9d4ff20cc91c_1763940066811.zip"}
[2025-11-23T23:21:06.825Z] [INFO] Creating publish payload | {"pkgId":"62b3d1cbc1a97ee0a00e1754cfbe2fd8"}
[2025-11-23T23:21:06.826Z] [INFO] Computed file metadata | {"pkgId":"62b3d1cbc1a97ee0a00e1754cfbe2fd8","size":546,"digest":"157cefd1f8063bcc..."}
[2025-11-23T23:21:06.828Z] [INFO] Created publish payload | {"pkgId":"62b3d1cbc1a97ee0a00e1754cfbe2fd8","size":546,"digest":"157cefd1f8063bcc..."}
[2025-11-23T23:21:21.350Z] [INFO] Package preparation initiated | {"snapshotId":"dev-9d4ff20cc91c","includeAudio":false}
[2025-11-23T23:21:21.361Z] [INFO] Saved package record | {"pkgId":"1ec4f23e8df7333573cb846f625e5aaa","status":"prepared"}
[2025-11-23T23:21:21.361Z] [INFO] Package prepared successfully | {"pkgId":"1ec4f23e8df7333573cb846f625e5aaa","snapshotId":"dev-9d4ff20cc91c","size":546,"filename":"walrus_dev-9d4ff20cc91c_1763940081353.zip"}
[2025-11-23T23:21:21.366Z] [INFO] Creating publish payload | {"pkgId":"1ec4f23e8df7333573cb846f625e5aaa"}
[2025-11-23T23:21:21.367Z] [INFO] Computed file metadata | {"pkgId":"1ec4f23e8df7333573cb846f625e5aaa","size":546,"digest":"80ce54ddcc509464..."}
[2025-11-23T23:21:21.368Z] [INFO] Created publish payload | {"pkgId":"1ec4f23e8df7333573cb846f625e5aaa","size":546,"digest":"80ce54ddcc509464..."}
[2025-11-23T23:21:22.312Z] [INFO] Package preparation initiated | {"snapshotId":"dev-9d4ff20cc91c","includeAudio":false}
[2025-11-23T23:21:22.322Z] [INFO] Saved package record | {"pkgId":"a2f1c36a81db7b1f649a404fe2a9063b","status":"prepared"}
[2025-11-23T23:21:22.323Z] [INFO] Package prepared successfully | {"pkgId":"a2f1c36a81db7b1f649a404fe2a9063b","snapshotId":"dev-9d4ff20cc91c","size":546,"filename":"walrus_dev-9d4ff20cc91c_1763940082315.zip"}
[2025-11-23T23:21:22.326Z] [INFO] Creating publish payload | {"pkgId":"a2f1c36a81db7b1f649a404fe2a9063b"}
[2025-11-23T23:21:22.326Z] [INFO] Computed file metadata | {"pkgId":"a2f1c36a81db7b1f649a404fe2a9063b","size":546,"digest":"1819fe1ebb911156..."}
[2025-11-23T23:21:22.327Z] [INFO] Created publish payload | {"pkgId":"a2f1c36a81db7b1f649a404fe2a9063b","size":546,"digest":"1819fe1ebb911156..."}
[2025-11-23T23:32:44.068Z] [INFO] Package preparation initiated | {"snapshotId":"dev-9d4ff20cc91c","includeAudio":false}
[2025-11-23T23:32:44.083Z] [INFO] Saved package record | {"pkgId":"1669d6a6b41e0e747befa5789509080b","status":"prepared"}
[2025-11-23T23:32:44.083Z] [INFO] Package prepared successfully | {"pkgId":"1669d6a6b41e0e747befa5789509080b","snapshotId":"dev-9d4ff20cc91c","size":546,"filename":"walrus_dev-9d4ff20cc91c_1763940764072.zip"}
[2025-11-23T23:32:44.087Z] [INFO] Creating publish payload | {"pkgId":"1669d6a6b41e0e747befa5789509080b"}
[2025-11-23T23:32:44.087Z] [INFO] Computed file metadata | {"pkgId":"1669d6a6b41e0e747befa5789509080b","size":546,"digest":"d2cdef8b4c880c2f..."}
[2025-11-23T23:32:44.088Z] [INFO] Created publish payload | {"pkgId":"1669d6a6b41e0e747befa5789509080b","size":546,"digest":"d2cdef8b4c880c2f..."}
[2025-11-23T23:32:44.930Z] [INFO] Package preparation initiated | {"snapshotId":"dev-9d4ff20cc91c","includeAudio":false}
[2025-11-23T23:32:44.939Z] [INFO] Saved package record | {"pkgId":"2b4e1936ded8785a9e63f41910951a5a","status":"prepared"}
[2025-11-23T23:32:44.939Z] [INFO] Package prepared successfully | {"pkgId":"2b4e1936ded8785a9e63f41910951a5a","snapshotId":"dev-9d4ff20cc91c","size":546,"filename":"walrus_dev-9d4ff20cc91c_1763940764932.zip"}
[2025-11-23T23:32:44.943Z] [INFO] Creating publish payload | {"pkgId":"2b4e1936ded8785a9e63f41910951a5a"}
[2025-11-23T23:32:44.943Z] [INFO] Computed file metadata | {"pkgId":"2b4e1936ded8785a9e63f41910951a5a","size":546,"digest":"d2cdef8b4c880c2f..."}
[2025-11-23T23:32:44.944Z] [INFO] Created publish payload | {"pkgId":"2b4e1936ded8785a9e63f41910951a5a","size":546,"digest":"d2cdef8b4c880c2f..."}
[2025-11-23T23:32:59.550Z] [INFO] Package preparation initiated | {"snapshotId":"dev-9d4ff20cc91c","includeAudio":false}
[2025-11-23T23:32:59.563Z] [INFO] Saved package record | {"pkgId":"ad232daddc8b35dd1969752de30ad662","status":"prepared"}
[2025-11-23T23:32:59.564Z] [INFO] Package prepared successfully | {"pkgId":"ad232daddc8b35dd1969752de30ad662","snapshotId":"dev-9d4ff20cc91c","size":546,"filename":"walrus_dev-9d4ff20cc91c_1763940779553.zip"}
[2025-11-23T23:32:59.568Z] [INFO] Creating publish payload | {"pkgId":"ad232daddc8b35dd1969752de30ad662"}
[2025-11-23T23:32:59.569Z] [INFO] Computed file metadata | {"pkgId":"ad232daddc8b35dd1969752de30ad662","size":546,"digest":"a128d28df0fbdbfd..."}
[2025-11-23T23:32:59.569Z] [INFO] Created publish payload | {"pkgId":"ad232daddc8b35dd1969752de30ad662","size":546,"digest":"a128d28df0fbdbfd..."}
